<?xml version="1.0" encoding="utf-8"?><testsuites name="pytest tests"><testsuite name="pytest" errors="0" failures="0" skipped="2" tests="22" time="4.437" timestamp="2026-01-28T11:32:45.056221+00:00" hostname="agent-env-6e398ac0-449e-43d2-bf77-af2ae5a663e5"><testcase classname="backend.tests.test_mobile_apis.TestHealthCheck" name="test_api_root" time="0.096" /><testcase classname="backend.tests.test_mobile_apis.TestHealthCheck" name="test_health_endpoint" time="0.038" /><testcase classname="backend.tests.test_mobile_apis.TestAdminAuth" name="test_admin_login_success" time="0.264" /><testcase classname="backend.tests.test_mobile_apis.TestAdminAuth" name="test_admin_login_invalid_credentials" time="0.040" /><testcase classname="backend.tests.test_mobile_apis.TestDeliveryBoyAuth" name="test_delivery_boy_login_success" time="0.258" /><testcase classname="backend.tests.test_mobile_apis.TestDeliveryBoyAuth" name="test_delivery_boy_login_invalid_credentials" time="0.035" /><testcase classname="backend.tests.test_mobile_apis.TestCustomerAuth" name="test_customer_login_success" time="0.263" /><testcase classname="backend.tests.test_mobile_apis.TestCustomerAuth" name="test_customer_login_invalid_credentials" time="0.040" /><testcase classname="backend.tests.test_mobile_apis.TestCustomerRegistration" name="test_customer_registration_success" time="0.260" /><testcase classname="backend.tests.test_mobile_apis.TestCustomerRegistration" name="test_customer_registration_duplicate_mobile" time="0.330" /><testcase classname="backend.tests.test_mobile_apis.TestZoneCheckAPI" name="test_check_zone_inside" time="0.033" /><testcase classname="backend.tests.test_mobile_apis.TestZoneCheckAPI" name="test_check_zone_outside" time="0.033" /><testcase classname="backend.tests.test_mobile_apis.TestCustomerLocationUpdate" name="test_update_location_authenticated" time="0.301" /><testcase classname="backend.tests.test_mobile_apis.TestCustomerLocationUpdate" name="test_update_location_unauthenticated" time="0.031" /><testcase classname="backend.tests.test_mobile_apis.TestGetAllZones" name="test_get_all_zones" time="0.032" /><testcase classname="backend.tests.test_mobile_apis.TestDeliveryBoyOrders" name="test_get_delivery_boy_orders" time="0.332" /><testcase classname="backend.tests.test_mobile_apis.TestDeliveryBoyOrders" name="test_get_delivery_boy_orders_filtered" time="0.369" /><testcase classname="backend.tests.test_mobile_apis.TestDeliveryBoyRouteData" name="test_get_route_data" time="0.331" /><testcase classname="backend.tests.test_mobile_apis.TestDeliveryBoyNextOrder" name="test_get_next_nearest_order" time="0.328" /><testcase classname="backend.tests.test_mobile_apis.TestOrderStatusUpdate" name="test_update_order_status_out_for_delivery" time="0.328"><skipped type="pytest.skip" message="No pending orders to update">/app/backend/tests/test_mobile_apis.py:437: No pending orders to update</skipped></testcase><testcase classname="backend.tests.test_mobile_apis.TestOrderStatusUpdate" name="test_update_order_status_delivered" time="0.295"><skipped type="pytest.skip" message="No out_for_delivery orders to mark as delivered">/app/backend/tests/test_mobile_apis.py:479: No out_for_delivery orders to mark as delivered</skipped></testcase><testcase classname="backend.tests.test_mobile_apis.TestDeliveryBoyOrderSummary" name="test_get_order_summary" time="0.295" /></testsuite></testsuites>